\BOOKMARK [1][-]{section*.1}{\376\377\004\036\004\037\004\040\004\025\004\024\004\025\004\033\004\025\004\035\004\030\004\057\000,\000\040\004\036\004\021\004\036\004\027\004\035\004\020\004\047\004\025\004\035\004\030\004\057\000\040\004\030\000\040\004\041\004\036\004\032\004\040\004\020\004\051\004\025\004\035\004\030\004\057}{}% 1
\BOOKMARK [1][-]{section*.2}{\376\377\004\022\004\022\004\025\004\024\004\025\004\035\004\030\004\025}{}% 2
\BOOKMARK [1][-]{section.1}{\376\377\004\042\004\065\004\076\004\100\004\070\004\117}{}% 3
\BOOKMARK [2][-]{subsection.1.1}{\376\377\000I\000T\000S\000M}{section.1}% 4
\BOOKMARK [3][-]{subsubsection.1.1.1}{\376\377\004\030\004\101\004\102\004\076\004\100\004\070\004\117\000\040\004\062\004\076\004\067\004\075\004\070\004\072\004\075\004\076\004\062\004\065\004\075\004\070\004\117}{subsection.1.1}% 5
\BOOKMARK [3][-]{subsubsection.1.1.2}{\376\377\004\021\004\065\004\067\004\076\004\077\004\060\004\101\004\075\004\076\004\101\004\102\004\114}{subsection.1.1}% 6
\BOOKMARK [3][-]{subsubsection.1.1.3}{\376\377\004\036\004\077\004\113\004\102\000\040\004\070\004\101\004\077\004\076\004\073\004\114\004\067\004\076\004\062\004\060\004\075\004\070\004\117\000\040\004\062\000\040\004\040\004\076\004\101\004\101\004\070\004\070}{subsection.1.1}% 7
\BOOKMARK [2][-]{subsection.1.2}{\376\377\000C\000M\000D\000B}{section.1}% 8
\BOOKMARK [3][-]{subsubsection.1.2.1}{\376\377\004\020\004\072\004\102\004\103\004\060\004\073\004\114\004\075\004\076\004\101\004\102\004\114\000\040\004\064\004\060\004\075\004\075\004\113\004\105}{subsection.1.2}% 9
\BOOKMARK [1][-]{section.2}{\376\377\004\037\004\100\004\076\004\065\004\072\004\102\004\070\004\100\004\076\004\062\004\060\004\075\004\070\004\065\000\040\004\060\004\100\004\105\004\070\004\102\004\065\004\072\004\102\004\103\004\100\004\113}{}% 10
\BOOKMARK [2][-]{subsection.2.1}{\376\377\004\042\004\100\004\065\004\061\004\076\004\062\004\060\004\075\004\070\004\117\000\040\004\072\000\040\004\101\004\070\004\101\004\102\004\065\004\074\004\065}{section.2}% 11
\BOOKMARK [2][-]{subsection.2.2}{\376\377\004\037\004\100\004\076\004\065\004\072\004\102\004\075\004\113\004\065\000\040\004\100\004\065\004\110\004\065\004\075\004\070\004\117}{section.2}% 12
\BOOKMARK [2][-]{subsection.2.3}{\376\377\004\030\004\075\004\102\004\065\004\100\004\104\004\065\004\071\004\101}{section.2}% 13
\BOOKMARK [2][-]{subsection.2.4}{\376\377\004\030\004\101\004\077\004\076\004\073\004\114\004\067\004\103\004\065\004\074\004\113\004\065\000\040\004\102\004\065\004\105\004\075\004\076\004\073\004\076\004\063\004\070\004\070}{section.2}% 14
\BOOKMARK [3][-]{subsubsection.2.4.1}{\376\377\004\021\004\060\004\067\004\060\000\040\004\064\004\060\004\075\004\075\004\113\004\105}{subsection.2.4}% 15
\BOOKMARK [1][-]{section.3}{\376\377\004\040\004\060\004\067\004\100\004\060\004\061\004\076\004\102\004\072\004\060}{}% 16
\BOOKMARK [2][-]{subsection.3.1}{\376\377\004\030\004\101\004\077\004\076\004\073\004\114\004\067\004\103\004\065\004\074\004\113\004\065\000\040\004\077\004\100\004\076\004\102\004\076\004\072\004\076\004\073\004\113\000\040\004\101\004\061\004\076\004\100\004\060\000\040\004\064\004\060\004\075\004\075\004\113\004\105}{section.3}% 17
\BOOKMARK [3][-]{subsubsection.3.1.1}{\376\377\000W\000M\000I}{subsection.3.1}% 18
\BOOKMARK [3][-]{subsubsection.3.1.2}{\376\377\000S\000S\000H}{subsection.3.1}% 19
\BOOKMARK [3][-]{subsubsection.3.1.3}{\376\377\000S\000N\000M\000P}{subsection.3.1}% 20
\BOOKMARK [3][-]{subsubsection.3.1.4}{\376\377\000I\000C\000M\000P}{subsection.3.1}% 21
\BOOKMARK [3][-]{subsubsection.3.1.5}{\376\377\004\037\004\100\004\076\004\102\004\076\004\072\004\076\004\073}{subsection.3.1}% 22
\BOOKMARK [1][-]{section.4}{\376\377\004\040\004\065\004\067\004\103\004\073\004\114\004\102\004\060\004\102}{}% 23
\BOOKMARK [1][-]{section.5}{\376\377\004\036\004\077\004\102\004\070\004\074\004\070\004\067\004\060\004\106\004\070\004\117\000\040\004\075\004\060\004\063\004\100\004\103\004\067\004\072\004\070}{}% 24
\BOOKMARK [2][-]{subsection.5.1}{\376\377\004\037\004\100\004\076\004\102\004\076\004\072\004\076\004\073}{section.5}% 25
\BOOKMARK [1][-]{section*.4}{\376\377\004\027\004\020\004\032\004\033\004\056\004\047\004\025\004\035\004\030\004\025}{}% 26
\BOOKMARK [1][-]{section*.5}{\376\377\004\041\004\037\004\030\004\041\004\036\004\032\000\040\004\030\004\041\004\037\004\036\004\033\004\054\004\027\004\036\004\022\004\020\004\035\004\035\004\053\004\045\000\040\004\030\004\041\004\042\004\036\004\047\004\035\004\030\004\032\004\036\004\022}{}% 27
